--------------- Clean Started: 10/21/2021 14:54:11 Project: SysTick_Example01, Configuration: ARM GCC 5.4-2016-q2-update Debug ---------------
Deleting file ".\CortexM0\ARM_GCC_541\Debug\main.o"
Deleting file ".\CortexM0\ARM_GCC_541\Debug\cyfitter_cfg.o"
Deleting file ".\CortexM0\ARM_GCC_541\Debug\cymetadata.o"
Deleting file ".\CortexM0\ARM_GCC_541\Debug\LED_Sec.o"
Deleting file ".\CortexM0\ARM_GCC_541\Debug\LED_Sec_PM.o"
Deleting file ".\CortexM0\ARM_GCC_541\Debug\LED_Min.o"
Deleting file ".\CortexM0\ARM_GCC_541\Debug\LED_Min_PM.o"
Deleting file ".\CortexM0\ARM_GCC_541\Debug\UART_AsmGnu.o"
Deleting file ".\CortexM0\ARM_GCC_541\Debug\UART.o"
Deleting file ".\CortexM0\ARM_GCC_541\Debug\Cm0Start.o"
Deleting file ".\CortexM0\ARM_GCC_541\Debug\CyFlash.o"
Deleting file ".\CortexM0\ARM_GCC_541\Debug\CyLib.o"
Deleting file ".\CortexM0\ARM_GCC_541\Debug\cyPm.o"
Deleting file ".\CortexM0\ARM_GCC_541\Debug\cyutils.o"
Deleting file ".\CortexM0\ARM_GCC_541\Debug\CyBootAsmGnu.o"
Deleting file ".\CortexM0\ARM_GCC_541\Debug\CyLFClk.o"
Deleting file ".\CortexM0\ARM_GCC_541\Debug\cy_em_eeprom.o"
Deleting file ".\CortexM0\ARM_GCC_541\Debug\SysTick_Example01.hex"
Deleting file ".\CortexM0\ARM_GCC_541\Debug\SysTick_Example01.map"
Deleting file ".\SysTick_Example01.cycdx"
Deleting file ".\SysTick_Example01.rpt"
Deleting file ".\SysTick_Example01_timing.html"
Deleting file ".\CortexM0\ARM_GCC_541\Debug\.deps\SOURCE_C__ARM_GCC_GENERIC.P"
Deleting file ".\CortexM0\ARM_GCC_541\Debug\.deps\SOURCE_ASM__ARM_GCC_GENERIC.P"
--------------- Clean Succeeded: 10/21/2021 14:54:11 ---------------
