--------------- Rebuild Started: 01/28/2022 20:41:23 Project: PSoC4_SysTick, Configuration: ARM GCC 5.4-2016-q2-update Release ---------------
cydsfit.exe -.appdatapath "C:\Users\geades\AppData\Local\Cypress Semiconductor\PSoC Creator\4.4" -.fdsnotice -.fdswarpdepfile=warp_dependencies.txt -.fdselabdepfile=elab_dependencies.txt -.fdsbldfile=generated_files.txt -.fdsreffile=referenced_files.txt -p C:\IMS\CR\ccNOos_Tests\PSoC\PSoC4_SysTick.cydsn\PSoC4_SysTick.cyprj -d CY8C4245AXI-483 -s C:\IMS\CR\ccNOos_Tests\PSoC\PSoC4_SysTick.cydsn\Generated_Source\PSoC4 -- -yv2 -q10 -ygs -o2 -v3 -.fftcfgtype=LE
Elaborating Design...
HDL Generation...
Synthesis...
Tech Mapping...
Analog Placement...
Analog Routing...
Analog Code Generation...
Digital Placement...
Digital Routing...
Bitstream Generation...
Bitstream Verification...
Static timing analysis...
API Generation...
Dependency Generation...
Cleanup...
arm-none-eabi-gcc.exe -mcpu=cortex-m0 -mthumb -I..\..\ccNOos\tests\testMainTemplates -I..\..\ccNOos\tests\testPlatforms -I..\..\ccNOos\tests\testApps\SysTick -I..\..\ccNOos\ccLibs\acs -I..\..\ccNOos\ccLibs\mcs -I..\..\ccNOos\computeModule -I..\..\ccNOos\consoleMenu -I..\..\ccNOos\executionSystem -I..\..\ccNOos\ioDevice -I. -IGenerated_Source\PSoC4 -Wa,-alh=.\CortexM0\ARM_GCC_541\Release/compute_module.lst -g -D NDEBUG -D PLATFORM_PSoC4 -D __USINGCONSOLEMENU -D EXAMPLE_SYSTICK -Wall -ffunction-sections -ffat-lto-objects -O3 -c ..\..\ccNOos\computeModule\compute_module.c -o .\CortexM0\ARM_GCC_541\Release\compute_module.o
arm-none-eabi-gcc.exe -mcpu=cortex-m0 -mthumb -I..\..\ccNOos\tests\testMainTemplates -I..\..\ccNOos\tests\testPlatforms -I..\..\ccNOos\tests\testApps\SysTick -I..\..\ccNOos\ccLibs\acs -I..\..\ccNOos\ccLibs\mcs -I..\..\ccNOos\computeModule -I..\..\ccNOos\consoleMenu -I..\..\ccNOos\executionSystem -I..\..\ccNOos\ioDevice -I. -IGenerated_Source\PSoC4 -Wa,-alh=.\CortexM0\ARM_GCC_541\Release/console_menu.lst -g -D NDEBUG -D PLATFORM_PSoC4 -D __USINGCONSOLEMENU -D EXAMPLE_SYSTICK -Wall -ffunction-sections -ffat-lto-objects -O3 -c ..\..\ccNOos\consoleMenu\console_menu.c -o .\CortexM0\ARM_GCC_541\Release\console_menu.o
arm-none-eabi-gcc.exe -mcpu=cortex-m0 -mthumb -I..\..\ccNOos\tests\testMainTemplates -I..\..\ccNOos\tests\testPlatforms -I..\..\ccNOos\tests\testApps\SysTick -I..\..\ccNOos\ccLibs\acs -I..\..\ccNOos\ccLibs\mcs -I..\..\ccNOos\computeModule -I..\..\ccNOos\consoleMenu -I..\..\ccNOos\executionSystem -I..\..\ccNOos\ioDevice -I. -IGenerated_Source\PSoC4 -Wa,-alh=.\CortexM0\ARM_GCC_541\Release/execution_system.lst -g -D NDEBUG -D PLATFORM_PSoC4 -D __USINGCONSOLEMENU -D EXAMPLE_SYSTICK -Wall -ffunction-sections -ffat-lto-objects -O3 -c ..\..\ccNOos\executionSystem\execution_system.c -o .\CortexM0\ARM_GCC_541\Release\execution_system.o
arm-none-eabi-gcc.exe -mcpu=cortex-m0 -mthumb -I..\..\ccNOos\tests\testMainTemplates -I..\..\ccNOos\tests\testPlatforms -I..\..\ccNOos\tests\testApps\SysTick -I..\..\ccNOos\ccLibs\acs -I..\..\ccNOos\ccLibs\mcs -I..\..\ccNOos\computeModule -I..\..\ccNOos\consoleMenu -I..\..\ccNOos\executionSystem -I..\..\ccNOos\ioDevice -I. -IGenerated_Source\PSoC4 -Wa,-alh=.\CortexM0\ARM_GCC_541\Release/io_device.lst -g -D NDEBUG -D PLATFORM_PSoC4 -D __USINGCONSOLEMENU -D EXAMPLE_SYSTICK -Wall -ffunction-sections -ffat-lto-objects -O3 -c ..\..\ccNOos\ioDevice\io_device.c -o .\CortexM0\ARM_GCC_541\Release\io_device.o
arm-none-eabi-gcc.exe -mcpu=cortex-m0 -mthumb -I..\..\ccNOos\tests\testMainTemplates -I..\..\ccNOos\tests\testPlatforms -I..\..\ccNOos\tests\testApps\SysTick -I..\..\ccNOos\ccLibs\acs -I..\..\ccNOos\ccLibs\mcs -I..\..\ccNOos\computeModule -I..\..\ccNOos\consoleMenu -I..\..\ccNOos\executionSystem -I..\..\ccNOos\ioDevice -I. -IGenerated_Source\PSoC4 -Wa,-alh=.\CortexM0\ARM_GCC_541\Release/Application_Solution.lst -g -D NDEBUG -D PLATFORM_PSoC4 -D __USINGCONSOLEMENU -D EXAMPLE_SYSTICK -Wall -ffunction-sections -ffat-lto-objects -O3 -c ..\..\ccNOos\tests\testApps\SysTick\Application_Solution.c -o .\CortexM0\ARM_GCC_541\Release\Application_Solution.o
..\..\ccNOos\tests\testApps\SysTick\Application_Solution.c: In function 'SerializeTimeString':
..\..\ccNOos\tests\testApps\SysTick\Application_Solution.c:52:9: warning: unused variable 'retval' [-Wunused-variable]
     int retval = SN_PrintF(MODdataPTR(Mn)->time, 9, "\r%02u:%02u:%02u",
         ^
arm-none-eabi-gcc.exe -mcpu=cortex-m0 -mthumb -I..\..\ccNOos\tests\testMainTemplates -I..\..\ccNOos\tests\testPlatforms -I..\..\ccNOos\tests\testApps\SysTick -I..\..\ccNOos\ccLibs\acs -I..\..\ccNOos\ccLibs\mcs -I..\..\ccNOos\computeModule -I..\..\ccNOos\consoleMenu -I..\..\ccNOos\executionSystem -I..\..\ccNOos\ioDevice -I. -IGenerated_Source\PSoC4 -Wa,-alh=.\CortexM0\ARM_GCC_541\Release/PlatformApp_Serialization.lst -g -D NDEBUG -D PLATFORM_PSoC4 -D __USINGCONSOLEMENU -D EXAMPLE_SYSTICK -Wall -ffunction-sections -ffat-lto-objects -O3 -c ..\..\ccNOos\tests\testApps\SysTick\PlatformApp_Serialization.c -o .\CortexM0\ARM_GCC_541\Release\PlatformApp_Serialization.o
arm-none-eabi-gcc.exe -mcpu=cortex-m0 -mthumb -I..\..\ccNOos\tests\testMainTemplates -I..\..\ccNOos\tests\testPlatforms -I..\..\ccNOos\tests\testApps\SysTick -I..\..\ccNOos\ccLibs\acs -I..\..\ccNOos\ccLibs\mcs -I..\..\ccNOos\computeModule -I..\..\ccNOos\consoleMenu -I..\..\ccNOos\executionSystem -I..\..\ccNOos\ioDevice -I. -IGenerated_Source\PSoC4 -Wa,-alh=.\CortexM0\ARM_GCC_541\Release/Application_Platform_Main.lst -g -D NDEBUG -D PLATFORM_PSoC4 -D __USINGCONSOLEMENU -D EXAMPLE_SYSTICK -Wall -ffunction-sections -ffat-lto-objects -O3 -c ..\..\ccNOos\tests\testMainTemplates\Application_Platform_Main.c -o .\CortexM0\ARM_GCC_541\Release\Application_Platform_Main.o
In file included from ..\..\ccNOos\tests\testMainTemplates\Application_Platform_Main.c:60:0:
..\..\ccNOos\tests\testPlatforms/Platform_Win32.h:14:17: fatal error: ctime: No such file or directory
compilation terminated.
The command 'arm-none-eabi-gcc.exe' failed with exit code '1'.
--------------- Rebuild Failed: 01/28/2022 20:41:33 ---------------
